Sending build context to Docker daemon  7.168kB
Step 1/14 : FROM hadoop-base as build
 ---> 032da7545021
Step 2/14 : RUN apt-get update && DEBIAN_FRONTEND=noninteractive apt-get install build-essential git texinfo 	bison autoconf automake libtool libz-dev libssl-dev libncurses-dev libsasl2-dev libkrb5-dev 	wget lsb-release ccache xxd python -y
 ---> Using cache
 ---> 1b16db7782c5
Step 3/14 : RUN cd /opt && git clone https://github.com/cloudera/native-toolchain.git
 ---> Using cache
 ---> fc58afa85ac6
Step 4/14 : RUN cd /opt/native-toolchain && DEBUG=1 ./buildall.sh
 ---> Running in 310ed31958d7
[91m++ : generic
++ : generic
++ export BUILD_LABEL
++ set +x
[0m[91m++ source /opt/native-toolchain/functions.sh
+++ set -e
+++ set -u
+++ set -o pipefail
[0m[91m++++ date '+%D %T'
[0m[91m+++ alias 'ts=sed "s;^;09/01/22 18:29:44 ;"'
[0m[91m+++ generate_build_id
[0m[91m++++ git rev-parse --short=10 HEAD
[0m[91m+++ local GIT_HASH=5cbc7c9e5e
[0m[91m++++ cat /proc/sys/kernel/random/uuid
[0m[91m+++ local UNIQUE_ID=485a82d8-0b5c-4dca-9335-cdeee355b181
+++ echo 485a82d8-0b5c-4dca-9335-cdeee355b181-5cbc7c9e5e
[0m[91m++ : 485a82d8-0b5c-4dca-9335-cdeee355b181-5cbc7c9e5e
++ export TOOLCHAIN_BUILD_ID
++ echo 'Build ID is 485a82d8-0b5c-4dca-9335-cdeee355b181-5cbc7c9e5e'
++ prepare_build_dir
++ '[' 0 -eq 1 ']'
++ export BUILD_DIR=/opt/native-toolchain/build
++ BUILD_DIR=/opt/native-toolchain/build
++ mkdir -p /opt/native-toolchain/build
[0mBuild ID is 485a82d8-0b5c-4dca-9335-cdeee355b181-5cbc7c9e5e
[91m++ mkdir -p /opt/native-toolchain/check
[0m[91m++ [[ linux-gnu =~ ^linux ]]
++ which lsb_release
[0m[91m+++ lsb_release -sir
[0m[91m++ OS_NAME_VERSION='Ubuntu
18.04'
[0m[91m+++ tr A-Z a-z
+++ tr '\n' ' '
+++ cut -d. -f1
[0m[91m++ OS_NAME_VERSION='ubuntu 18'
++ case "$OS_NAME_VERSION" in
++ OS_NAME=ubuntu
[0m[91m+++ echo 'ubuntu 18'
+++ awk '{ print $NF }'
[0m[91m++ OS_VERSION=18
[0m[91m+++ lsb_release -r -i
[0m[91m++ RELEASE_NAME='Distributor ID:	Ubuntu
Release:	18.04'
[0m[91m+++ uname -p
[0m[91m++ ARCH_NAME=aarch64
++ export ARCH_NAME
[0m[91m++ [[ aarch64 == \p\p\c\6\4\l\e ]]
++ [[ aarch64 == \a\a\r\c\h\6\4 ]]
++ export CONFIGURE_FLAG_BUILD_SYS=--build=aarch64-unknown-linux-gnu
++ CONFIGURE_FLAG_BUILD_SYS=--build=aarch64-unknown-linux-gnu
++ [[ 0 -eq 0 ]]
++ COMPILER=gcc
++ COMPILER_VERSION=7.5.0
++ export COMPILER
++ export COMPILER_VERSION
++ export CLEAN
++ export DEBUG
++ export OS_NAME
++ export OS_VERSION
++ export PATH
++ export RELEASE_NAME
+ [[ 1 -ne 0 ]]
+ download_ccache
+ local WAIT_SECONDS=600
[0m[91m+ local LOCK=/opt/native-toolchain/ccache/ccache.lock
+ local TAR=ccache.tar
+ local S3_URL=https://native-toolchain.s3.amazonaws.com/ccache/ccache.tar
+ mkdir -p /opt/native-toolchain/ccache
[0m[91m+ flock -w 600 200
[0m[91m+ [[ -f /opt/native-toolchain/ccache/ccache.done ]]
+ download_url https://native-toolchain.s3.amazonaws.com/ccache/ccache.tar
+ local URL=https://native-toolchain.s3.amazonaws.com/ccache/ccache.tar
[0m[91m++ basename https://native-toolchain.s3.amazonaws.com/ccache/ccache.tar
[0m[91m+ local OUTPUT_PATH=ccache.tar
+ [[ ! -f ccache.tar ]]
+ ARGS=(--progress=dot:giga)
+ [[ 1 -eq 0 ]]
+ [[ -n ccache.tar ]]
+ ARGS+=(-O "$OUTPUT_PATH")
+ ARGS+=("$URL")
+ wget --progress=dot:giga -O ccache.tar https://native-toolchain.s3.amazonaws.com/ccache/ccache.tar
[0m[91m--2022-09-01 18:29:44--  https://native-toolchain.s3.amazonaws.com/ccache/ccache.tar
[0m[91mResolving native-toolchain.s3.amazonaws.com (native-toolchain.s3.amazonaws.com)... [0m[91m52.219.117.145
Connecting to native-toolchain.s3.amazonaws.com (native-toolchain.s3.amazonaws.com)|52.219.117.145|:443... [0m[91mconnected.
[0m[91mHTTP request sent, awaiting response... [0m[91m200 OK
Length: 8089313280 (7.5G) [binary/octet-stream]
[0m[91mSaving to: 'ccache.tar'
[0m[91m
     0K .[0m[91m.[0m[91m.[0m[91m.[0m[91m.[0m[91m.[0m[91m.[0m[91m.[0m[91m .[0m[91m.[0m[91m.[0m[91m.[0m[91m.[0m[91m.[0m[91m.[0m[91m.[0m[91m .[0m[91m.[0m[91m.[0m[91m.[0m[91m.[0m[91m.[0m[91m.[0m[91m.[0m[91m .[0m[91m.[0m[91m.[0m[91m.[0m[91m.[0m[91m.[0m[91m.[0m[91m.  0% 1.07M 1h59m[0m[91m
 32768K .[0m[91m.[0m[91m.[0m[91m.[0m[91m.[0m[91m.[0m[91m.[0m[91m.[0m[91m .[0m[91m.[0m[91m.[0m[91m.[0m[91m.[0m[91m.[0m[91m.[0m[91m.[0m[91m .[0m[91m.[0m[91m.[0m[91m.[0m[91m.[0m[91m.[0m[91m.[0m[91m.[0m[91m .[0m[91m.[0m[91m.[0m[91m.[0m[91m.[0m[91m.[0m[91m.[0m[91m.  0% 1.01M 2h2m[0m[91m
 65536K .[0m[91m.[0m[91m.[0m[91m.[0m[91m.[0m[91m.[0m[91m.[0m[91m.[0m[91m .[0m[91m.[0m[91m.[0m[91m.[0m[91m.[0m[91m.[0m[91m.[0m[91m.[0m[91m .[0m[91m.[0m[91m.[0m[91m.[0m[91m.[0m[91m.[0m[91m.[0m[91m.[0m[91m .[0m[91m.[0m[91m.[0m[91m.[0m[91m.[0m[91m.[0m[91m.[0m[91m.  1% 1.17M 1h57m[0m[91m
 98304K .[0m[91m.[0m[91m.[0m[91m.[0m[91m.[0m[91m.[0m[91m.[0m[91m.[0m[91m .[0m[91m.[0m[91m.[0m[91m.[0m[91m.[0m[91m.[0m[91m.[0m[91m.[0m[91m .[0m[91m.[0m[91m.[0m[91m.[0m[91m.[0m[91m.[0m[91m.[0m[91m.[0m[91m .[0m[91m.[0m[91m.[0m[91m.[0m[91m.[0m[91m.[0m[91m.[0m[91m.  1% 1.18M 1h54m[0m[91m
131072K .[0m[91m.[0m[91m.[0m[91m.[0m[91m.[0m[91m.[0m[91m.[0m[91m.[0m[91m .[0m[91m.[0m[91m.[0m[91m.[0m[91m.[0m[91m.[0m[91m.[0m[91m.[0m[91m .[0m[91m.[0m[91m.[0m[91m.[0m[91m.[0m[91m.[0m[91m.[0m[91m.[0m[91m .[0m[91m.[0m[91m.[0m[91m.[0m[91m.[0m[91m.[0m[91m.[0m[91m.  2% 1.14M 1h53m[0m[91m
163840K .[0m[91m.[0m[91m.[0m[91m.[0m[91m.[0m[91m.[0m[91m.[0m[91m.[0m[91m .[0m[91m.[0m[91m.[0m[91m.[0m[91m.[0m[91m.[0m[91m.[0m[91m.[0m[91m .[0m[91m.[0m[91m.[0m[91m.[0m[91m.[0m[91m.[0m[91m.[0m[91m.[0m[91m .[0m[91m.[0m[91m.[0m[91m.[0m[91m.[0m[91m.[0m[91m.[0m[91m.  2% 1.28M 1h50m[0m[91m
196608K .[0m[91m.[0m[91m.[0m[91m.[0m[91m.[0m[91m.[0m[91m.[0m[91m.[0m[91m .[0m[91m.[0m[91m.[0m[91m.[0m[91m.[0m[91m.[0m[91m.[0m[91m.[0m[91m .[0m[91m.[0m[91m.[0m[91m.[0m[91m.[0m[91m.[0m[91m.[0m[91m.[0m[91m .[0m[91m.[0m[91m.[0m[91m.[0m[91m.[0m[91m.[0m[91m.[0m[91m.  2% 1.29M 1h48m[0m[91m
229376K .[0m[91m.[0m[91m.[0m[91m.[0m[91m.[0m[91m.[0m[91m.[0m[91m.[0m[91m .[0m[91m.[0m[91m.[0m[91m.[0m[91m.[0m[91m.[0m[91m.[0m[91m.[0m[91m .[0m[91m.[0m[91m.[0m[91m.[0m[91m.[0m[91m.[0m[91m.[0m[91m.[0m[91m .[0m[91m.[0m[91m.[0m[91m.[0m[91m.[0m[91m.[0m[91m.[0m[91m.  3% 1.36M 1h45m[0m[91m
262144K .[0m[91m.[0m[91m.[0m[91m.[0m[91m.[0m[91m.[0m[91m.[0m[91m.[0m[91m .[0m[91m.[0m[91m.[0m[91m.[0m[91m.[0m[91m.[0m[91m.[0m[91m.[0m[91m .[0m[91m.[0m[91m.[0m[91m.[0m[91m.[0m[91m.[0m[91m.[0m[91m.[0m[91m .[0m[91m.[0m[91m.[0m[91m.[0m[91m.[0m[91m.[0m[91m.[0m[91m.  3% 1.34M 1h43m[0m[91m
294912K .[0m[91m.[0m[91m.[0m[91m.[0m[91m.[0m[91m.[0m[91m.[0m[91m.[0m[91m .[0m[91m.[0m[91m.[0m[91m.[0m[91m.[0m[91m.[0m[91m.[0m[91m.[0m[91m .[0m[91m.[0m[91m.[0m[91m.[0m[91m.[0m[91m.[0m[91m.[0m[91m.[0m[91m .[0m[91m.[0m[91m.[0m[91m.[0m[91m.[0m[91m.[0m[91m.[0m[91m.  4% 1.50M 1h41m[0m[91m
327680K .[0m[91m.[0m[91m.[0m[91m.[0m[91m.[0m[91m.[0m[91m.[0m[91m.[0m[91m .[0m[91m.[0m[91m.[0m[91m.[0m[91m.[0m[91m.[0m[91m.[0m[91m.[0m[91m .[0m[91m.[0m[91m.[0m[91m.[0m[91m.[0m[91m.[0m[91m.[0m[91m.[0m[91m .[0m[91m.[0m[91m.[0m[91m.[0m[91m.[0m[91m.[0m[91m.[0m[91m.  4% 1.66M 98m18s[0m[91m
360448K .[0m[91m.[0m[91m.[0m[91m.[0m[91m.[0m[91m.[0m[91m.[0m[91m.[0m[91m .[0m[91m.[0m[91m.[0m[91m.[0m[91m.[0m[91m.[0m[91m.[0m[91m.[0m[91m .[0m[91m.[0m[91m.[0m[91m.[0m[91m.[0m[91m.[0m[91m.[0m[91m.[0m[91m .[0m[91m.[0m[91m.[0m[91m.[0m[91m.[0m[91m.[0m[91m.[0m[91m.  4% 1.70M 95m43s[0m[91m
393216K .[0m[91m.[0m[91m.[0m[91m.[0m[91m.[0m[91m.[0m[91m.[0m[91m.[0m[91m .[0m[91m.[0m[91m.[0m[91m.[0m[91m.[0m[91m.[0m[91m.[0m[91m.[0m[91m .[0m[91m.[0m[91m.[0m[91m.[0m[91m.[0m[91m.[0m[91m.[0m[91m.[0m[91m .[0m[91m.[0m[91m.[0m[91m.[0m[91m.[0m[91m.[0m[91m.[0m[91m.  5% 1.82M 93m6s[0m[91m
425984K .[0m[91m.[0m[91m.[0m[91m.[0m[91m.[0m[91m.[0m[91m.[0m[91m.[0m[91m .[0m[91m.[0m[91m.[0m[91m.[0m[91m.[0m[91m.[0m[91m.[0m[91m.[0m[91m .[0m[91m.[0m[91m.[0m[91m.[0m[91m.[0m[91m.[0m[91m.[0m[91m.[0m[91m .[0m[91m.[0m[91m.[0m[91m.[0m[91m.[0m[91m.[0m[91m.[0m[91m.  5% 1.77M 90m58s[0m[91m
458752K .[0m[91m.[0m[91m.[0m[91m.[0m[91m.[0m[91m.[0m[91m.[0m[91m.[0m[91m .[0m[91m.[0m[91m.[0m[91m.[0m[91m.[0m[91m.[0m[91m.[0m[91m.[0m[91m .[0m[91m.[0m[91m.[0m[91m.[0m[91m.[0m[91m.[0m[91m.[0m[91m.[0m[91m .[0m[91m.[0m[91m.[0m[91m.[0m[91m.[0m[91m.[0m[91m.[0m[91m.  6% 1.87M 88m50s[0m[91m
491520K .[0m[91m.[0m[91m.[0m[91m.[0m[91m.[0m[91m.[0m[91m.[0m[91m.[0m[91m .[0m[91m.[0m[91m.[0m[91m.[0m[91m.[0m[91m.[0m[91m.[0m[91m.[0m[91m .[0m[91m.[0m[91m.[0m[91m.[0m[91m.[0m[91m.[0m[91m.[0m[91m.[0m[91m .[0m[91m.[0m[91m.[0m[91m.[0m[91m.[0m[91m.[0m[91m.[0m[91m.  6% 1.80M 87m5s[0m[91m
524288K .[0m[91m.[0m[91m.[0m[91m.[0m[91m.[0m[91m.[0m[91m.[0m[91m.[0m[91m .[0m[91m.[0m[91m.[0m[91m.[0m[91m.[0m[91m.[0m[91m.[0m[91m.[0m[91m .[0m[91m.[0m[91m.[0m[91m.[0m[91m.[0m[91m.[0m[91m.[0m[91m.[0m[91m .[0m[91m.[0m[91m.[0m[91m.[0m[91m.[0m[91m.[0m[91m.[0m[91m.  7% 1.71M 85m42s[0m[91m
557056K .[0m[91m.[0m[91m.[0m[91m.[0m[91m.[0m[91m.[0m[91m.[0m[91m.[0m[91m .[0m[91m.[0m[91m.[0m[91m.[0m[91m.[0m[91m.[0m[91m.[0m[91m.[0m[91m .[0m[91m.[0m[91m.[0m[91m.[0m[91m.[0m[91m.[0m[91m.[0m[91m.[0m[91m .[0m[91m.[0m[91m.[0m[91m.[0m[91m.[0m[91m.[0m[91m.[0m[91m.  7% 1.79M 84m16s[0m[91m
589824K .[0m[91m.[0m[91m.[0m[91m.[0m[91m.[0m[91m.[0m[91m.[0m[91m.[0m[91m .[0m[91m.[0m[91m.[0m[91m.[0m[91m.[0m[91m.[0m[91m.[0m[91m.[0m[91m .[0m[91m.[0m[91m.[0m[91m.[0m[91m.[0m[91m.[0m[91m.[0m[91m.[0m[91m .[0m[91m.[0m[91m.[0m[91m.[0m[91m.[0m[91m.[0m[91m.[0m[91m.  7% 1.77M 83m0s[0m[91m
622592K .[0m[91m.[0m[91m.[0m[91m.[0m[91m.[0m[91m.[0m[91m.[0m[91m.[0m[91m .[0m[91m.[0m[91m.[0m[91m.[0m[91m.[0m[91m.[0m[91m.[0m[91m.[0m[91m .[0m[91m.[0m[91m.[0m[91m.[0m[91m.[0m[91m.[0m[91m.[0m[91m.[0m[91m .[0m[91m.[0m[91m.[0m[91m.[0m[91m.[0m[91m.[0m[91m.[0m[91m.  8% 1.78M 81m48s[0m[91m
655360K .[0m[91m.[0m[91m.[0m[91m.[0m[91m.[0m[91m.[0m[91m.[0m[91m.[0m[91m .[0m[91m.[0m[91m.[0m[91m.[0m[91m.[0m[91m.[0m[91m.[0m[91m.[0m[91m .[0m[91m.[0m[91m.[0m[91m.[0m[91m.[0m[91m.[0m[91m.[0m[91m.[0m[91m .[0m[91m.[0m[91m.[0m[91m.[0m[91m.[0m[91m.[0m[91m.[0m[91m.  8% 1.91M 80m29s[0m[91m
688128K .[0m[91m.[0m[91m.[0m[91m.[0m[91m.[0m[91m.[0m[91m.[0m[91m.[0m[91m .[0m[91m.[0m[91m.[0m[91m.[0m[91m.[0m[91m.[0m[91m.[0m[91m.[0m[91m .[0m[91m.[0m[91m.[0m[91m.[0m[91m.[0m[91m.[0m[91m.[0m[91m.[0m[91m .[0m[91m.[0m[91m.[0m[91m.[0m[91m.[0m[91m.[0m[91m.[0m[91m.  9% 1.80M 79m25s[0m[91m
720896K .[0m[91m.[0m[91m.[0m[91m.[0m[91m.[0m[91m.[0m[91m.[0m[91m.[0m[91m .[0m[91m.[0m[91m.[0m[91m.[0m[91m.[0m[91m.[0m[91m.[0m[91m.[0m[91m .[0m[91m.[0m[91m.[0m[91m.[0m[91m.[0m[91m.[0m[91m.[0m[91m.[0m[91m .[0m[91m.[0m[91m.[0m[91m.[0m[91m.[0m[91m.[0m[91m.[0m[91m.  9% 1.86M 78m21s[0m[91m
753664K .[0m[91m.[0m[91m.[0m[91m.[0m[91m.[0m[91m.[0m[91m.[0m[91m.[0m[91m .[0m[91m.[0m[91m.[0m[91m.[0m[91m.[0m[91m.[0m[91m.[0m[91m.[0m[91m .[0m[91m.[0m[91m.[0m[91m.[0m[91m.[0m[91m.[0m[91m.[0m[91m.[0m[91m .[0m[91m.[0m[91m.[0m[91m.[0m[91m.[0m[91m.[0m[91m.[0m[91m.  9% 1.85M 77m21s[0m[91m
786432K .[0m[91m.[0m[91m.[0m[91m.[0m[91m.[0m[91m.[0m[91m.[0m[91m.[0m[91m .[0m[91m.[0m[91m.[0m[91m.[0m[91m.[0m[91m.[0m[91m.[0m[91m.[0m[91m .[0m[91m.[0m[91m.[0m[91m.[0m[91m.[0m[91m.[0m[91m.[0m[91m.[0m[91m .[0m[91m.[0m[91m.[0m[91m.[0m[91m.[0m[91m.[0m[91m.[0m[91m. 10% 1.91M 76m20s[0m[91m
819200K .[0m[91m.[0m[91m.[0m[91m.[0m[91m.[0m[91m.[0m[91m.[0m[91m.[0m[91m .[0m[91m.[0m[91m.[0m[91m.[0m[91m.[0m[91m.[0m[91m.[0m[91m.[0m[91m .[0m[91m.[0m[91m.[0m[91m.[0m[91m.[0m[91m.[0m[91m.[0m[91m.[0m[91m .[0m[91m.[0m[91m.[0m[91m.[0m[91m.[0m[91m.[0m[91m.[0m[91m. 10% 2.07M 75m11s[0m[91m
851968K .[0m[91m.[0m[91m.[0m[91m.[0m[91m.[0m[91m.[0m[91m.[0m[91m.[0m[91m .[0m[91m.[0m[91m.[0m[91m.[0m[91m.[0m[91m.[0m[91m.[0m[91m.[0m[91m .[0m[91m.[0m[91m.[0m[91m.[0m[91m.[0m[91m.[0m[91m.[0m[91m.[0m[91m .[0m[91m.[0m[91m.[0m[91m.[0m[91m.[0m[91m.[0m[91m.[0m[91m. 11% 2.00M 74m11s[0m[91m
884736K .[0m[91m.[0m[91m.[0m[91m.[0m[91m.[0m[91m.[0m[91m.[0m[91m.[0m[91m .[0m[91m.[0m[91m.[0m[91m.[0m[91m.[0m[91m.[0m[91m.[0m[91m.[0m[91m .[0m[91m.[0m[91m.[0m[91m.[0m[91m.[0m[91m.[0m[91m.[0m[91m.[0m[91m .[0m[91m.[0m[91m.[0m[91m.[0m[91m.[0m[91m.[0m[91m.[0m[91m. 11% 2.04M 73m11s[0m[91m
917504K .[0m[91m.[0m[91m.[0m[91m.[0m[91m.[0m[91m.[0m[91m.[0m[91m.[0m[91m .[0m[91m.[0m[91m.[0m[91m.[0m[91m.[0m[91m.[0m[91m.[0m[91m.[0m[91m .[0m[91m.[0m[91m.[0m[91m.[0m[91m.[0m[91m.[0m[91m.[0m[91m.[0m[91m .[0m[91m.[0m[91m.[0m[91m.[0m[91m.[0m[91m.[0m[91m.[0m[91m. 12% 2.00M 72m17s[0m[91m
950272K .[0m[91m.[0m[91m.[0m[91m.[0m[91m.[0m[91m.[0m[91m.[0m[91m.[0m[91m .[0m[91m.[0m[91m.[0m[91m.[0m[91m.[0m[91m.[0m[91m.[0m[91m.[0m[91m .[0m[91m.[0m[91m.[0m[91m.[0m[91m.[0m[91m.[0m[91m.[0m[91m.[0m[91m .[0m[91m.[0m[91m.[0m[91m.[0m[91m.[0m[91m.[0m[91m.[0m[91m. 12% 1.95M 71m28s[0m[91m
983040K .[0m[91m.[0m[91m.[0m[91m.[0m[91m.[0m[91m.[0m[91m.[0m[91m.[0m[91m .[0m[91m.[0m[91m.[0m[91m.[0m[91m.[0m[91m.[0m[91m.[0m[91m.[0m[91m .[0m[91m.[0m[91m.[0m[91m.[0m[91m.[0m[91m.[0m[91m.[0m[91m.[0m[91m .[0m[91m.[0m[91m.[0m[91m.[0m[91m.[0m[91m.[0m[91m.[0m[91m. 12% 1.96M 70m40s[0m[91m
1015808K .[0m[91m.[0m[91m.[0m[91m.[0m[91m.[0m[91m.[0m[91m.[0m[91m.[0m[91m .[0m[91m.[0m[91m.[0m[91m.[0m[91m.[0m[91m.[0m[91m.[0m[91m.[0m[91m .[0m[91m.[0m[91m.[0m[91m.[0m[91m.[0m[91m.[0m[91m.[0m[91m.[0m[91m .[0m[91m.[0m[91m.[0m[91m.[0m[91m.[0m[91m.[0m[91m.[0m[91m. 13% 1.93M 69m57s[0m[91m
1048576K .[0m[91m.[0m[91m.[0m[91m.[0m[91m.[0m[91m.[0m[91m.[0m[91m.[0m[91m .[0m[91m.[0m[91m.[0m[91m.[0m[91m.[0m[91m.[0m[91m.[0m[91m.[0m[91m .[0m[91m.[0m[91m.[0m[91m.[0m[91m.[0m[91m.[0m[91m.[0m[91m.[0m[91m .[0m[91m.[0m[91m.[0m[91m.[0m[91m.[0m[91m.[0m[91m.[0m[91m. 13% 1.89M 69m17s[0m[91m
1081344K .[0m[91m.[0m[91m.[0m[91m.[0m[91m.[0m[91m.[0m[91m.[0m[91m.[0m[91m .[0m[91m.[0m[91m.[0m[91m.[0m[91m.[0m[91m.[0m[91m.[0m[91m.[0m[91m .[0m[91m.[0m[91m.[0m[91m.[0m[91m.[0m[91m.[0m[91m.[0m[91m.[0m[91m .[0m[91m.[0m[91m.[0m[91m.[0m[91m.[0m[91m.[0m[91m.[0m[91m. 14% 1.96M 68m35s[0m[91m
1114112K .[0m[91m.[0m[91m.[0m[91m.[0m[91m.[0m[91m.[0m[91m.[0m[91m.[0m[91m .[0m[91m.[0m[91m.[0m[91m.[0m[91m.[0m[91m.[0m[91m.[0m[91m.[0m[91m .[0m[91m.[0m[91m.[0m[91m.[0m[91m.[0m[91m.[0m[91m.[0m[91m.[0m[91m .[0m[91m.[0m[91m.[0m[91m.[0m[91m.[0m[91m.[0m[91m.[0m[91m. 14% 1.91M 67m57s[0m[91m
1146880K .[0m[91m.[0m[91m.[0m[91m.[0m[91m.[0m[91m.[0m[91m.[0m[91m.[0m[91m .[0m[91m.[0m[91m.[0m[91m.[0m[91m.[0m[91m.[0m[91m.[0m[91m.[0m[91m .[0m[91m.[0m[91m.[0m[91m.[0m[91m.[0m[91m.[0m[91m.[0m[91m.[0m[91m .[0m[91m.[0m[91m.[0m[91m.[0m[91m.[0m[91m.[0m[91m.[0m[91m. 14% 2.03M 67m14s[0m[91m
1179648K .[0m[91m.[0m[91m.[0m[91m.[0m[91m.[0m[91m.[0m[91m.[0m[91m.[0m[91m .[0m[91m.[0m[91m.[0m[91m.[0m[91m.[0m[91m.[0m[91m.[0m[91m.[0m[91m .[0m[91m.[0m[91m.[0m[91m.[0m[91m.[0m[91m.[0m[91m.[0m[91m.[0m[91m .[0m[91m.[0m[91m.[0m[91m.[0m[91m.[0m[91m.[0m[91m.[0m[91m. 15% 1.96M 66m36s[0m[91m
1212416K .[0m[91m.[0m[91m.[0m[91m.[0m[91m.[0m[91m.[0m[91m.[0m[91m.[0m[91m .[0m[91m.[0m[91m.[0m[91m.[0m[91m.[0m[91m.[0m[91m.[0m[91m.[0m[91m .[0m[91m.[0m[91m.[0m[91m.[0m[91m.[0m[91m.[0m[91m.[0m[91m.[0m[91m .[0m[91m.[0m[91m.[0m[91m.[0m[91m.[0m[91m.[0m[91m.[0m[91m. 15% 2.04M 65m55s[0m[91m
1245184K[0m[91m .[0m[91m.[0m[91m.[0m[91m.[0m[91m.[0m[91m.[0m[91m.[0m[91m.[0m[91m .[0m[91m.[0m[91m.[0m[91m.[0m[91m.[0m[91m.[0m[91m.[0m[91m.[0m[91m .[0m[91m.[0m[91m.[0m[91m.[0m[91m.[0m[91m.[0m[91m.[0m[91m.[0m[91m .[0m[91m.[0m[91m.[0m[91m.[0m[91m.[0m[91m.[0m[91m.[0m[91m. 16% 1.97M 65m19s[0m[91m
1277952K .[0m[91m.[0m[91m.[0m